2025-05-31 19:15:49 - add_userdata - INFO - Added skills: ['React', 'Node.js', 'MongoDB', 'AWS', 'TypeScript', 'Vue.js', 'Docker', 'GraphQL']
2025-05-31 19:15:49 - add_userdata - INFO - Added experience titles: ['Senior Software Engineer', 'Software Engineer', 'Junior Developer']
2025-05-31 19:24:56 - add_userdata - INFO - Added skills: ['Business Analysis', 'SQL', 'Tableau', 'Power BI', 'Agile', 'Python', 'R', 'Advanced Excel']
2025-05-31 19:24:56 - add_userdata - INFO - Added experience titles: ['Senior Business Analyst', 'Business Analyst', 'Junior Analyst']
2025-05-31 19:25:20 - add_userdata - INFO - Added skills: ['Manual Testing', 'Selenium', 'TestNG', 'JIRA', 'API Testing', 'Cypress', 'Postman', 'Jenkins']
2025-05-31 19:25:20 - add_userdata - INFO - Added experience titles: ['QA Engineer', 'Junior QA Engineer']
2025-05-31 19:25:37 - add_userdata - INFO - Added skills: ['Product Management', 'Agile', 'Scrum', 'Data Analysis', 'User Research', 'Product Strategy', 'A/B Testing', 'Roadmap Planning']
2025-05-31 19:25:37 - add_userdata - INFO - Added experience titles: ['Senior Product Manager', 'Product Manager', 'Associate Product Manager', 'Business Analyst']
2025-05-31 19:25:58 - add_userdata - INFO - Added skills: ['Python', 'Machine Learning', 'TensorFlow', 'SQL', 'Tableau', 'R', 'Deep Learning', 'AWS', 'Spark']
2025-05-31 19:25:58 - add_userdata - INFO - Added experience titles: ['Senior Data Scientist', 'Data Scientist', 'Data Analyst']
2025-05-31 19:26:47 - add_userdata - INFO - Added skills: ['Docker', 'Kubernetes', 'AWS', 'Jenkins', 'Terraform', 'Azure', 'Ansible', 'Prometheus', 'Grafana']
2025-05-31 19:26:47 - add_userdata - INFO - Added experience titles: ['Senior DevOps Engineer', 'DevOps Engineer', 'System Administrator']
2025-05-31 19:27:01 - add_userdata - INFO - Added skills: ['UI/UX Design', 'Figma', 'Adobe Creative Suite', 'Prototyping', 'User Research', 'Sketch', 'InVision', 'HTML/CSS', 'React']
2025-05-31 19:27:01 - add_userdata - INFO - Added experience titles: ['Senior UI/UX Designer', 'UI Designer', 'Graphic Designer']
2025-05-31 19:27:15 - add_userdata - INFO - Added skills: ['Sales Management', 'CRM', 'Lead Generation', 'Negotiation', 'Team Leadership', 'Digital Marketing', 'Customer Relationship', 'Market Analysis']
2025-05-31 19:27:15 - add_userdata - INFO - Added experience titles: ['Regional Sales Manager', 'Sales Manager', 'Senior Sales Executive', 'Sales Executive']
2025-05-31 19:27:19 - add_userdata - ERROR - Error in submit_resume_details: 
2025-05-31 19:28:38 - add_userdata - INFO - Added skills: ['HR Management', 'Recruitment', 'Employee Relations', 'Performance Management', 'Training', 'HRIS', 'Compensation & Benefits', 'Policy Development']
2025-05-31 19:28:38 - add_userdata - INFO - Added experience titles: ['HR Manager', 'Senior HR Executive', 'HR Executive']
2025-05-31 19:28:50 - add_userdata - INFO - Added skills: ['Financial Analysis', 'Budget Planning', 'Risk Management', 'SAP', 'Advanced Excel', 'Treasury Management', 'Investment Analysis', 'Financial Modeling']
2025-05-31 19:28:50 - add_userdata - INFO - Added experience titles: ['Finance Manager', 'Senior Financial Analyst', 'Financial Analyst', 'Junior Accountant']
2025-05-31 19:32:19 - add_userdata - ERROR - Error in submit_resume_details: {'error_type': 'HTTPException', 'error_message': 'Unknown error occurred', 'traceback': 'Traceback (most recent call last):\n  File "c:\\Users\\pveer\\OneDrive\\Desktop\\UPHIRE_FINAL_VERSION_AS_PER_REQUIREMENT\\structured\\apis\\add_userdata.py", line 184, in submit_resume_details\nfastapi.exceptions.HTTPException\n'}
2025-05-31 19:37:15 - add_userdata - INFO - Starting submit_resume_details function
2025-05-31 19:37:15 - add_userdata - INFO - Successfully converted resume data to dictionary
2025-05-31 19:37:15 - add_userdata - INFO - Checking for existing records in database
2025-05-31 19:37:15 - add_userdata - INFO - Database query completed. Found existing record: True
2025-05-31 19:37:15 - add_userdata - ERROR - Error in submit_resume_details: {'error_type': 'HTTPException', 'error_message': 'Unknown error occurred', 'traceback': 'Traceback (most recent call last):\n  File "c:\\Users\\pveer\\OneDrive\\Desktop\\UPHIRE_FINAL_VERSION_AS_PER_REQUIREMENT\\structured\\apis\\add_userdata.py", line 196, in submit_resume_details\n    raise HTTPException(\nfastapi.exceptions.HTTPException\n'}
2025-05-31 19:37:19 - add_userdata - INFO - Starting submit_resume_details function
2025-05-31 19:37:19 - add_userdata - INFO - Successfully converted resume data to dictionary
2025-05-31 19:37:19 - add_userdata - INFO - Checking for existing records in database
2025-05-31 19:37:19 - add_userdata - INFO - Database query completed. Found existing record: True
2025-05-31 19:37:19 - add_userdata - ERROR - Error in submit_resume_details: {'error_type': 'HTTPException', 'error_message': 'Unknown error occurred', 'traceback': 'Traceback (most recent call last):\n  File "c:\\Users\\pveer\\OneDrive\\Desktop\\UPHIRE_FINAL_VERSION_AS_PER_REQUIREMENT\\structured\\apis\\add_userdata.py", line 196, in submit_resume_details\n    raise HTTPException(\nfastapi.exceptions.HTTPException\n'}
2025-05-31 19:37:20 - add_userdata - INFO - Starting submit_resume_details function
2025-05-31 19:37:20 - add_userdata - INFO - Successfully converted resume data to dictionary
2025-05-31 19:37:20 - add_userdata - INFO - Checking for existing records in database
2025-05-31 19:37:20 - add_userdata - INFO - Database query completed. Found existing record: True
2025-05-31 19:37:20 - add_userdata - ERROR - Error in submit_resume_details: {'error_type': 'HTTPException', 'error_message': 'Unknown error occurred', 'traceback': 'Traceback (most recent call last):\n  File "c:\\Users\\pveer\\OneDrive\\Desktop\\UPHIRE_FINAL_VERSION_AS_PER_REQUIREMENT\\structured\\apis\\add_userdata.py", line 196, in submit_resume_details\n    raise HTTPException(\nfastapi.exceptions.HTTPException\n'}
2025-05-31 19:41:33 - add_userdata - INFO - Starting submit_resume_details function
2025-05-31 19:41:33 - add_userdata - INFO - Successfully converted resume data to dictionary
2025-05-31 19:41:33 - add_userdata - INFO - Checking for existing records in database
2025-05-31 19:41:33 - add_userdata - INFO - Database query completed. Found existing record: True
2025-05-31 19:41:33 - add_userdata - INFO - HTTPException raised: Record already exists with the same PAN Card, Aadhar Card, Mobile Number, Email
2025-05-31 19:42:30 - add_userdata - INFO - Starting submit_resume_details function
2025-05-31 19:42:30 - add_userdata - INFO - Successfully converted resume data to dictionary
2025-05-31 19:42:30 - add_userdata - INFO - Checking for existing records in database
2025-05-31 19:42:30 - add_userdata - INFO - Database query completed. Found existing record: False
2025-05-31 19:42:30 - add_userdata - INFO - Starting vector embeddings generation
2025-05-31 19:42:30 - add_userdata - INFO - Vector embeddings generated successfully
2025-05-31 19:42:30 - add_userdata - INFO - Inserting resume data into database
2025-05-31 19:42:30 - add_userdata - INFO - Successfully inserted resume with ID: 683b0e4e742fd80f85748294
2025-05-31 19:42:31 - add_userdata - INFO - Added skills: ['Patent attorney', 'Recycling officer', 'Designer, television/film set', 'Engineer, electronics', 'Materials engineer', 'Teacher, English as a foreign language', 'Educational psychologist', 'Television/film/video producer', 'Museum/gallery exhibitions officer', 'Therapist, sports']
2025-05-31 19:42:31 - add_userdata - INFO - Added experience titles: ['Geochemist', 'Animal technologist']
2025-06-02 15:33:33 - add_userdata - INFO - Starting submit_resume_details function
2025-06-02 15:33:33 - add_userdata - INFO - Successfully converted and cleaned resume data
2025-06-02 15:33:33 - add_userdata - INFO - Checking for existing records in database
2025-06-02 15:33:35 - add_userdata - INFO - Database query completed. Found existing record: False
2025-06-02 15:33:35 - add_userdata - INFO - Starting vector embeddings generation
2025-06-02 15:33:35 - add_userdata - INFO - Vector embeddings generated successfully
2025-06-02 15:33:35 - add_userdata - INFO - Inserting resume data into database
2025-06-02 15:33:35 - add_userdata - INFO - Successfully inserted resume with ID: 683d76f73aaa46236f0eaee9
2025-06-02 15:33:37 - add_userdata - INFO - Added normalized skills: ['tour manager', 'television production assistant', 'programmer, multimedia', 'surveyor, minerals', 'optician, dispensing', 'private music teacher', 'advertising art director']
2025-06-02 15:33:37 - add_userdata - INFO - Added normalized experience titles: ['runner, broadcasting/film/video', 'primary school teacher']
2025-06-02 15:33:42 - add_userdata - INFO - Starting submit_resume_details function
2025-06-02 15:33:42 - add_userdata - INFO - Successfully converted and cleaned resume data
2025-06-02 15:33:42 - add_userdata - INFO - Checking for existing records in database
2025-06-02 15:33:42 - add_userdata - INFO - Database query completed. Found existing record: True
2025-06-02 15:33:42 - add_userdata - INFO - HTTPException raised: Record already exists with the same PAN Card, Aadhar Card, Mobile Number, Email
2025-06-02 15:34:01 - add_userdata - INFO - Starting submit_resume_details function
2025-06-02 15:34:01 - add_userdata - INFO - Successfully converted and cleaned resume data
2025-06-02 15:34:01 - add_userdata - INFO - Checking for existing records in database
2025-06-02 15:34:01 - add_userdata - INFO - Database query completed. Found existing record: True
2025-06-02 15:34:01 - add_userdata - INFO - HTTPException raised: Record already exists with the same PAN Card, Aadhar Card, Email
