2025-05-31 00:09:39 - cluster_info - INFO - === CLUSTER TIER INFORMATION ===
2025-05-31 00:09:39 - cluster_info - INFO - MongoDB Version: 8.0.9
2025-05-31 00:09:39 - cluster_info - INFO - Build Environment: Unknown
2025-05-31 00:09:39 - cluster_info - INFO - Available Modules: ['enterprise']
2025-05-31 00:09:39 - cluster_info - WARNING - Could not get server status: user is not allowed to do action [serverStatus] on [resume_db.], full error: {'ok': 0, 'errmsg': 'user is not allowed to do action [serverStatus] on [resume_db.]', 'code': 8000, 'codeName': 'AtlasError'}
2025-05-31 00:09:39 - cluster_info - INFO - 
=== ATLAS SEARCH REQUIREMENTS ===
2025-05-31 00:09:39 - cluster_info - INFO - To enable Atlas Search, you need:
2025-05-31 00:09:39 - cluster_info - INFO - 1. M10 or higher cluster tier (M10, M20, M30, M40, M50, M60, M80)
2025-05-31 00:09:39 - cluster_info - INFO - 2. Atlas Search enabled in cluster settings
2025-05-31 00:09:39 - cluster_info - INFO - 3. Appropriate user permissions (Atlas Admin role)
2025-05-31 00:09:39 - cluster_info - INFO - 
=== CLUSTER TIER IDENTIFICATION ===
2025-05-31 00:09:39 - cluster_info - INFO - Free Tier (M0): No Atlas Search support
2025-05-31 00:09:39 - cluster_info - INFO - Shared Tiers (M2, M5): No Atlas Search support
2025-05-31 00:09:39 - cluster_info - INFO - Dedicated Tiers (M10+): Atlas Search available
2025-05-31 00:09:39 - cluster_info - INFO - 
=== NEXT STEPS ===
2025-05-31 00:09:39 - cluster_info - INFO - 1. Check your cluster tier in MongoDB Atlas dashboard
2025-05-31 00:09:39 - cluster_info - INFO - 2. If using M0/M2/M5, upgrade to M10+ for Atlas Search
2025-05-31 00:09:39 - cluster_info - INFO - 3. If already M10+, enable Atlas Search in cluster settings
2025-05-31 00:09:39 - cluster_info - INFO - 4. Otherwise, continue using the fallback text search solution
