2025-05-31 18:32:23 - main_functions - INFO - Starting up FastAPI application...
2025-05-31 18:32:25 - main_functions - INFO - Search index manager initialized successfully
2025-05-31 18:32:25 - main_functions - INFO - Connected to MongoDB successfully!
2025-05-31 18:32:26 - main_functions - INFO - Connected to Skills & Titles collection successfully!
2025-05-31 18:32:26 - main_functions - INFO - Creating standard MongoDB indexes...
2025-05-31 18:32:26 - main_functions - INFO - Standard MongoDB indexes creation completed
2025-05-31 18:32:26 - main_functions - INFO - Creating skills collection indexes...
2025-05-31 18:32:26 - main_functions - INFO - Skills collection indexes creation completed
2025-05-31 18:32:26 - main_functions - INFO - Application startup completed successfully!
2025-05-31 18:32:29 - main_functions - INFO - Shutting down FastAPI application...
2025-05-31 18:33:19 - main_functions - INFO - Starting up FastAPI application...
2025-05-31 18:33:20 - main_functions - INFO - Search index manager initialized successfully
2025-05-31 18:33:21 - main_functions - INFO - Connected to MongoDB successfully!
2025-05-31 18:33:21 - main_functions - INFO - Connected to Skills & Titles collection successfully!
2025-05-31 18:33:21 - main_functions - INFO - Creating standard MongoDB indexes...
2025-05-31 18:33:21 - main_functions - INFO - Standard MongoDB indexes creation completed
2025-05-31 18:33:21 - main_functions - INFO - Creating skills collection indexes...
2025-05-31 18:33:21 - main_functions - INFO - Skills collection indexes creation completed
2025-05-31 18:33:21 - main_functions - INFO - Application startup completed successfully!
2025-05-31 18:36:23 - main_functions - INFO - Shutting down FastAPI application...
2025-05-31 18:52:08 - main_functions - INFO - Starting up FastAPI application...
2025-05-31 18:52:10 - main_functions - INFO - Search index manager initialized successfully
2025-05-31 18:52:10 - main_functions - INFO - Connected to MongoDB successfully!
2025-05-31 18:52:10 - main_functions - INFO - Connected to Skills & Titles collection successfully!
2025-05-31 18:52:11 - main_functions - INFO - Creating standard MongoDB indexes...
2025-05-31 18:52:11 - main_functions - INFO - Standard MongoDB indexes creation completed
2025-05-31 18:52:11 - main_functions - INFO - Creating skills collection indexes...
2025-05-31 18:52:11 - main_functions - INFO - Skills collection indexes creation completed
2025-05-31 18:52:11 - main_functions - INFO - Application startup completed successfully!
2025-05-31 18:53:04 - main_functions - INFO - Shutting down FastAPI application...
2025-05-31 19:08:41 - main_functions - INFO - Starting up FastAPI application...
2025-05-31 19:08:44 - main_functions - INFO - Search index manager initialized successfully
2025-05-31 19:08:44 - main_functions - INFO - Connected to MongoDB successfully!
2025-05-31 19:08:45 - main_functions - INFO - Connected to Skills & Titles collection successfully!
2025-05-31 19:08:45 - main_functions - INFO - Creating standard MongoDB indexes...
2025-05-31 19:08:45 - main_functions - INFO - Standard MongoDB indexes creation completed
2025-05-31 19:08:45 - main_functions - INFO - Creating skills collection indexes...
2025-05-31 19:08:45 - main_functions - INFO - Skills collection indexes creation completed
2025-05-31 19:08:45 - main_functions - INFO - Application startup completed successfully!
2025-05-31 19:09:44 - main_functions - INFO - Shutting down FastAPI application...
2025-05-31 19:10:06 - main_functions - INFO - Starting up FastAPI application...
2025-05-31 19:10:07 - main_functions - INFO - Search index manager initialized successfully
2025-05-31 19:10:08 - main_functions - INFO - Connected to MongoDB successfully!
2025-05-31 19:10:08 - main_functions - INFO - Connected to Skills & Titles collection successfully!
2025-05-31 19:10:08 - main_functions - INFO - Creating standard MongoDB indexes...
2025-05-31 19:10:08 - main_functions - INFO - Standard MongoDB indexes creation completed
2025-05-31 19:10:08 - main_functions - INFO - Creating skills collection indexes...
2025-05-31 19:10:08 - main_functions - INFO - Skills collection indexes creation completed
2025-05-31 19:10:08 - main_functions - INFO - Application startup completed successfully!
2025-05-31 19:10:18 - main_functions - INFO - Shutting down FastAPI application...
2025-05-31 19:10:40 - main_functions - INFO - Starting up FastAPI application...
2025-05-31 19:10:42 - main_functions - INFO - Search index manager initialized successfully
2025-05-31 19:10:42 - main_functions - INFO - Connected to MongoDB successfully!
2025-05-31 19:10:43 - main_functions - INFO - Connected to Skills & Titles collection successfully!
2025-05-31 19:10:43 - main_functions - INFO - Creating standard MongoDB indexes...
2025-05-31 19:10:43 - main_functions - INFO - Standard MongoDB indexes creation completed
2025-05-31 19:10:43 - main_functions - INFO - Creating skills collection indexes...
2025-05-31 19:10:43 - main_functions - INFO - Skills collection indexes creation completed
2025-05-31 19:10:43 - main_functions - INFO - Application startup completed successfully!
2025-05-31 19:12:07 - main_functions - INFO - Shutting down FastAPI application...
2025-05-31 19:12:27 - main_functions - INFO - Starting up FastAPI application...
2025-05-31 19:12:28 - main_functions - INFO - Search index manager initialized successfully
2025-05-31 19:12:29 - main_functions - INFO - Connected to MongoDB successfully!
2025-05-31 19:12:29 - main_functions - INFO - Connected to Skills & Titles collection successfully!
2025-05-31 19:12:29 - main_functions - INFO - Creating standard MongoDB indexes...
2025-05-31 19:12:29 - main_functions - INFO - Standard MongoDB indexes creation completed
2025-05-31 19:12:29 - main_functions - INFO - Creating skills collection indexes...
2025-05-31 19:12:29 - main_functions - INFO - Skills collection indexes creation completed
2025-05-31 19:12:29 - main_functions - INFO - Application startup completed successfully!
2025-05-31 19:18:07 - main_functions - INFO - Shutting down FastAPI application...
2025-05-31 19:19:09 - main_functions - INFO - Starting up FastAPI application...
2025-05-31 19:19:11 - main_functions - INFO - Search index manager initialized successfully
2025-05-31 19:19:12 - main_functions - INFO - Connected to MongoDB successfully!
2025-05-31 19:19:12 - main_functions - INFO - Connected to Skills & Titles collection successfully!
2025-05-31 19:19:12 - main_functions - INFO - Creating standard MongoDB indexes...
2025-05-31 19:19:12 - main_functions - INFO - Standard MongoDB indexes creation completed
2025-05-31 19:19:12 - main_functions - INFO - Creating skills collection indexes...
2025-05-31 19:19:12 - main_functions - INFO - Skills collection indexes creation completed
2025-05-31 19:19:12 - main_functions - INFO - Application startup completed successfully!
2025-05-31 19:19:15 - main_functions - INFO - Shutting down FastAPI application...
2025-05-31 19:21:14 - main_functions - INFO - Starting up FastAPI application...
2025-05-31 19:21:15 - main_functions - INFO - Search index manager initialized successfully
2025-05-31 19:21:16 - main_functions - INFO - Connected to MongoDB successfully!
2025-05-31 19:21:16 - main_functions - INFO - Connected to Skills & Titles collection successfully!
2025-05-31 19:21:16 - main_functions - INFO - Creating standard MongoDB indexes...
2025-05-31 19:21:16 - main_functions - INFO - Standard MongoDB indexes creation completed
2025-05-31 19:21:16 - main_functions - INFO - Creating skills collection indexes...
2025-05-31 19:21:16 - main_functions - INFO - Skills collection indexes creation completed
2025-05-31 19:21:16 - main_functions - INFO - Application startup completed successfully!
2025-05-31 19:28:51 - main_functions - INFO - Shutting down FastAPI application...
2025-05-31 19:31:40 - main_functions - INFO - Starting up FastAPI application...
2025-05-31 19:31:42 - main_functions - INFO - Search index manager initialized successfully
2025-05-31 19:31:43 - main_functions - INFO - Connected to MongoDB successfully!
2025-05-31 19:31:43 - main_functions - INFO - Connected to Skills & Titles collection successfully!
2025-05-31 19:31:43 - main_functions - INFO - Creating standard MongoDB indexes...
2025-05-31 19:31:43 - main_functions - INFO - Standard MongoDB indexes creation completed
2025-05-31 19:31:43 - main_functions - INFO - Creating skills collection indexes...
2025-05-31 19:31:43 - main_functions - INFO - Skills collection indexes creation completed
2025-05-31 19:31:43 - main_functions - INFO - Application startup completed successfully!
2025-05-31 19:32:19 - main_functions - INFO - Shutting down FastAPI application...
2025-05-31 19:36:45 - main_functions - INFO - Starting up FastAPI application...
2025-05-31 19:36:47 - main_functions - INFO - Search index manager initialized successfully
2025-05-31 19:36:48 - main_functions - INFO - Connected to MongoDB successfully!
2025-05-31 19:36:48 - main_functions - INFO - Connected to Skills & Titles collection successfully!
2025-05-31 19:36:48 - main_functions - INFO - Creating standard MongoDB indexes...
2025-05-31 19:36:48 - main_functions - INFO - Standard MongoDB indexes creation completed
2025-05-31 19:36:48 - main_functions - INFO - Creating skills collection indexes...
2025-05-31 19:36:48 - main_functions - INFO - Skills collection indexes creation completed
2025-05-31 19:36:48 - main_functions - INFO - Application startup completed successfully!
2025-05-31 19:41:09 - main_functions - INFO - Shutting down FastAPI application...
2025-05-31 19:41:31 - main_functions - INFO - Starting up FastAPI application...
2025-05-31 19:41:33 - main_functions - INFO - Search index manager initialized successfully
2025-05-31 19:41:33 - main_functions - INFO - Connected to MongoDB successfully!
2025-05-31 19:41:33 - main_functions - INFO - Connected to Skills & Titles collection successfully!
2025-05-31 19:41:33 - main_functions - INFO - Creating standard MongoDB indexes...
2025-05-31 19:41:33 - main_functions - INFO - Standard MongoDB indexes creation completed
2025-05-31 19:41:33 - main_functions - INFO - Creating skills collection indexes...
2025-05-31 19:41:33 - main_functions - INFO - Skills collection indexes creation completed
2025-05-31 19:41:33 - main_functions - INFO - Application startup completed successfully!
2025-05-31 19:45:12 - main_functions - INFO - Starting up FastAPI application...
2025-05-31 19:45:14 - main_functions - INFO - Search index manager initialized successfully
2025-05-31 19:45:14 - main_functions - INFO - Connected to MongoDB successfully!
2025-05-31 19:45:14 - main_functions - INFO - Connected to Skills & Titles collection successfully!
2025-05-31 19:45:14 - main_functions - INFO - Creating standard MongoDB indexes...
2025-05-31 19:45:14 - main_functions - INFO - Standard MongoDB indexes creation completed
2025-05-31 19:45:14 - main_functions - INFO - Creating skills collection indexes...
2025-05-31 19:45:14 - main_functions - INFO - Skills collection indexes creation completed
2025-05-31 19:45:14 - main_functions - INFO - Application startup completed successfully!
2025-05-31 19:46:09 - main_functions - INFO - Shutting down FastAPI application...
2025-05-31 19:46:30 - main_functions - INFO - Starting up FastAPI application...
2025-05-31 19:46:32 - main_functions - INFO - Search index manager initialized successfully
2025-05-31 19:46:33 - main_functions - INFO - Connected to MongoDB successfully!
2025-05-31 19:46:33 - main_functions - INFO - Connected to Skills & Titles collection successfully!
2025-05-31 19:46:33 - main_functions - INFO - Creating standard MongoDB indexes...
2025-05-31 19:46:33 - main_functions - INFO - Standard MongoDB indexes creation completed
2025-05-31 19:46:33 - main_functions - INFO - Creating skills collection indexes...
2025-05-31 19:46:33 - main_functions - INFO - Skills collection indexes creation completed
2025-05-31 19:46:33 - main_functions - INFO - Application startup completed successfully!
2025-05-31 19:46:53 - main_functions - INFO - Shutting down FastAPI application...
2025-05-31 19:46:53 - main_functions - INFO - Shutting down FastAPI application...
2025-05-31 19:48:21 - main_functions - INFO - Starting up FastAPI application...
2025-05-31 19:48:23 - main_functions - INFO - Search index manager initialized successfully
2025-05-31 19:48:23 - main_functions - INFO - Connected to MongoDB successfully!
2025-05-31 19:48:23 - main_functions - INFO - Connected to Skills & Titles collection successfully!
2025-05-31 19:48:23 - main_functions - INFO - Creating standard MongoDB indexes...
2025-05-31 19:48:23 - main_functions - INFO - Standard MongoDB indexes creation completed
2025-05-31 19:48:23 - main_functions - INFO - Creating skills collection indexes...
2025-05-31 19:48:23 - main_functions - INFO - Skills collection indexes creation completed
2025-05-31 19:48:23 - main_functions - INFO - Application startup completed successfully!
2025-05-31 19:50:57 - main_functions - INFO - Shutting down FastAPI application...
2025-05-31 19:51:23 - main_functions - INFO - Starting up FastAPI application...
2025-05-31 19:51:25 - main_functions - INFO - Search index manager initialized successfully
2025-05-31 19:51:25 - main_functions - INFO - Connected to MongoDB successfully!
2025-05-31 19:51:25 - main_functions - INFO - Connected to Skills & Titles collection successfully!
2025-05-31 19:51:25 - main_functions - INFO - Creating standard MongoDB indexes...
2025-05-31 19:51:25 - main_functions - INFO - Standard MongoDB indexes creation completed
2025-05-31 19:51:25 - main_functions - INFO - Creating skills collection indexes...
2025-05-31 19:51:25 - main_functions - INFO - Skills collection indexes creation completed
2025-05-31 19:51:25 - main_functions - INFO - Application startup completed successfully!
2025-05-31 20:08:15 - main_functions - INFO - Shutting down FastAPI application...
2025-05-31 20:21:03 - main_functions - INFO - Starting up FastAPI application...
2025-05-31 20:21:05 - main_functions - INFO - Search index manager initialized successfully
2025-05-31 20:21:05 - main_functions - INFO - Connected to MongoDB successfully!
2025-05-31 20:21:06 - main_functions - INFO - Connected to Skills & Titles collection successfully!
2025-05-31 20:21:06 - main_functions - INFO - Creating standard MongoDB indexes...
2025-05-31 20:21:06 - main_functions - INFO - Standard MongoDB indexes creation completed
2025-05-31 20:21:06 - main_functions - INFO - Creating skills collection indexes...
2025-05-31 20:21:06 - main_functions - INFO - Skills collection indexes creation completed
2025-05-31 20:21:06 - main_functions - INFO - Application startup completed successfully!
2025-05-31 20:22:10 - main_functions - INFO - Shutting down FastAPI application...
2025-05-31 20:23:21 - main_functions - INFO - Starting up FastAPI application...
2025-05-31 20:23:22 - main_functions - INFO - Search index manager initialized successfully
2025-05-31 20:23:23 - main_functions - INFO - Connected to MongoDB successfully!
2025-05-31 20:23:23 - main_functions - INFO - Connected to Skills & Titles collection successfully!
2025-05-31 20:23:23 - main_functions - INFO - Creating standard MongoDB indexes...
2025-05-31 20:23:23 - main_functions - INFO - Standard MongoDB indexes creation completed
2025-05-31 20:23:23 - main_functions - INFO - Creating skills collection indexes...
2025-05-31 20:23:23 - main_functions - INFO - Skills collection indexes creation completed
2025-05-31 20:23:23 - main_functions - INFO - Application startup completed successfully!
2025-05-31 20:27:45 - main_functions - INFO - Shutting down FastAPI application...
2025-05-31 20:35:33 - main_functions - INFO - Starting up FastAPI application...
2025-05-31 20:35:35 - main_functions - INFO - Search index manager initialized successfully
2025-05-31 20:35:36 - main_functions - INFO - Connected to MongoDB successfully!
2025-05-31 20:35:36 - main_functions - INFO - Connected to Skills & Titles collection successfully!
2025-05-31 20:35:36 - main_functions - INFO - Creating standard MongoDB indexes...
2025-05-31 20:35:36 - main_functions - INFO - Standard MongoDB indexes creation completed
2025-05-31 20:35:36 - main_functions - INFO - Creating skills collection indexes...
2025-05-31 20:35:36 - main_functions - INFO - Skills collection indexes creation completed
2025-05-31 20:35:36 - main_functions - INFO - Application startup completed successfully!
2025-05-31 20:35:38 - main_functions - INFO - Shutting down FastAPI application...
2025-05-31 20:36:28 - main_functions - INFO - Starting up FastAPI application...
2025-05-31 20:36:30 - main_functions - INFO - Search index manager initialized successfully
2025-05-31 20:36:31 - main_functions - INFO - Connected to MongoDB successfully!
2025-05-31 20:36:31 - main_functions - INFO - Connected to Skills & Titles collection successfully!
2025-05-31 20:36:31 - main_functions - INFO - Creating standard MongoDB indexes...
2025-05-31 20:36:31 - main_functions - INFO - Standard MongoDB indexes creation completed
2025-05-31 20:36:31 - main_functions - INFO - Creating skills collection indexes...
2025-05-31 20:36:31 - main_functions - INFO - Skills collection indexes creation completed
2025-05-31 20:36:31 - main_functions - INFO - Application startup completed successfully!
2025-05-31 20:38:58 - main_functions - INFO - Shutting down FastAPI application...
2025-05-31 20:45:25 - main_functions - INFO - Starting up FastAPI application...
2025-05-31 20:45:27 - main_functions - INFO - Search index manager initialized successfully
2025-05-31 20:45:27 - main_functions - INFO - Connected to MongoDB successfully!
2025-05-31 20:45:28 - main_functions - INFO - Connected to Skills & Titles collection successfully!
2025-05-31 20:45:28 - main_functions - INFO - Creating standard MongoDB indexes...
2025-05-31 20:45:28 - main_functions - INFO - Standard MongoDB indexes creation completed
2025-05-31 20:45:28 - main_functions - INFO - Creating skills collection indexes...
2025-05-31 20:45:28 - main_functions - INFO - Skills collection indexes creation completed
2025-05-31 20:45:28 - main_functions - INFO - Application startup completed successfully!
2025-05-31 20:46:10 - main_functions - INFO - Starting up FastAPI application...
2025-05-31 20:46:11 - main_functions - INFO - Search index manager initialized successfully
2025-05-31 20:46:11 - main_functions - INFO - Connected to MongoDB successfully!
2025-05-31 20:46:11 - main_functions - INFO - Connected to Skills & Titles collection successfully!
2025-05-31 20:46:12 - main_functions - INFO - Creating standard MongoDB indexes...
2025-05-31 20:46:12 - main_functions - INFO - Standard MongoDB indexes creation completed
2025-05-31 20:46:12 - main_functions - INFO - Creating skills collection indexes...
2025-05-31 20:46:12 - main_functions - INFO - Skills collection indexes creation completed
2025-05-31 20:46:12 - main_functions - INFO - Application startup completed successfully!
2025-06-02 12:46:34 - main_functions - INFO - Starting up FastAPI application...
2025-06-02 12:46:37 - main_functions - INFO - Search index manager initialized successfully
2025-06-02 12:46:38 - main_functions - INFO - Connected to MongoDB successfully!
2025-06-02 12:46:38 - main_functions - INFO - Connected to Skills & Titles collection successfully!
2025-06-02 12:46:38 - main_functions - INFO - Creating standard MongoDB indexes...
2025-06-02 12:46:38 - main_functions - INFO - Standard MongoDB indexes creation completed
2025-06-02 12:46:38 - main_functions - INFO - Creating skills collection indexes...
2025-06-02 12:46:38 - main_functions - INFO - Skills collection indexes creation completed
2025-06-02 12:46:38 - main_functions - INFO - Application startup completed successfully!
2025-06-02 12:55:49 - main_functions - INFO - Shutting down FastAPI application...
2025-06-02 12:56:11 - main_functions - INFO - Starting up FastAPI application...
2025-06-02 12:56:14 - main_functions - INFO - Search index manager initialized successfully
2025-06-02 12:56:15 - main_functions - INFO - Connected to MongoDB successfully!
2025-06-02 12:56:15 - main_functions - INFO - Connected to Skills & Titles collection successfully!
2025-06-02 12:56:15 - main_functions - INFO - Creating standard MongoDB indexes...
2025-06-02 12:56:15 - main_functions - INFO - Standard MongoDB indexes creation completed
2025-06-02 12:56:15 - main_functions - INFO - Creating skills collection indexes...
2025-06-02 12:56:15 - main_functions - INFO - Skills collection indexes creation completed
2025-06-02 12:56:15 - main_functions - INFO - Application startup completed successfully!
2025-06-02 13:05:51 - main_functions - INFO - Shutting down FastAPI application...
2025-06-02 13:06:43 - main_functions - INFO - Starting up FastAPI application...
2025-06-02 13:06:46 - main_functions - INFO - Search index manager initialized successfully
2025-06-02 13:06:46 - main_functions - INFO - Connected to MongoDB successfully!
2025-06-02 13:06:47 - main_functions - INFO - Connected to Skills & Titles collection successfully!
2025-06-02 13:06:47 - main_functions - INFO - Creating standard MongoDB indexes...
2025-06-02 13:06:47 - main_functions - INFO - Standard MongoDB indexes creation completed
2025-06-02 13:06:47 - main_functions - INFO - Creating skills collection indexes...
2025-06-02 13:06:47 - main_functions - INFO - Skills collection indexes creation completed
2025-06-02 13:06:47 - main_functions - INFO - Application startup completed successfully!
2025-06-02 13:11:00 - main_functions - INFO - Shutting down FastAPI application...
2025-06-02 13:32:09 - main_functions - INFO - Starting up FastAPI application...
2025-06-02 13:32:12 - main_functions - INFO - Search index manager initialized successfully
2025-06-02 13:32:13 - main_functions - INFO - Connected to MongoDB successfully!
2025-06-02 13:32:14 - main_functions - INFO - Connected to Skills & Titles collection successfully!
2025-06-02 13:32:14 - main_functions - INFO - Creating standard MongoDB indexes...
2025-06-02 13:32:14 - main_functions - INFO - Standard MongoDB indexes creation completed
2025-06-02 13:32:14 - main_functions - INFO - Creating skills collection indexes...
2025-06-02 13:32:14 - main_functions - INFO - Skills collection indexes creation completed
2025-06-02 13:32:14 - main_functions - INFO - Application startup completed successfully!
2025-06-02 13:33:09 - main_functions - INFO - Shutting down FastAPI application...
2025-06-02 13:33:51 - main_functions - INFO - Starting up FastAPI application...
2025-06-02 13:33:54 - main_functions - INFO - Search index manager initialized successfully
2025-06-02 13:33:55 - main_functions - INFO - Connected to MongoDB successfully!
2025-06-02 13:33:55 - main_functions - INFO - Connected to Skills & Titles collection successfully!
2025-06-02 13:33:55 - main_functions - INFO - Creating standard MongoDB indexes...
2025-06-02 13:33:55 - main_functions - INFO - Standard MongoDB indexes creation completed
2025-06-02 13:33:55 - main_functions - INFO - Creating skills collection indexes...
2025-06-02 13:33:55 - main_functions - INFO - Skills collection indexes creation completed
2025-06-02 13:33:55 - main_functions - INFO - Application startup completed successfully!
2025-06-02 13:36:05 - main_functions - INFO - Shutting down FastAPI application...
2025-06-02 13:37:01 - main_functions - INFO - Starting up FastAPI application...
2025-06-02 13:37:04 - main_functions - INFO - Search index manager initialized successfully
2025-06-02 13:37:05 - main_functions - INFO - Connected to MongoDB successfully!
2025-06-02 13:37:05 - main_functions - INFO - Connected to Skills & Titles collection successfully!
2025-06-02 13:37:05 - main_functions - INFO - Creating standard MongoDB indexes...
2025-06-02 13:37:05 - main_functions - INFO - Standard MongoDB indexes creation completed
2025-06-02 13:37:05 - main_functions - INFO - Creating skills collection indexes...
2025-06-02 13:37:05 - main_functions - INFO - Skills collection indexes creation completed
2025-06-02 13:37:05 - main_functions - INFO - Application startup completed successfully!
2025-06-02 13:40:04 - main_functions - INFO - Shutting down FastAPI application...
2025-06-02 13:43:39 - main_functions - INFO - Starting up FastAPI application...
2025-06-02 13:43:42 - main_functions - INFO - Search index manager initialized successfully
2025-06-02 13:43:43 - main_functions - INFO - Connected to MongoDB successfully!
2025-06-02 13:43:43 - main_functions - INFO - Connected to Skills & Titles collection successfully!
2025-06-02 13:43:43 - main_functions - INFO - Creating standard MongoDB indexes...
2025-06-02 13:43:43 - main_functions - INFO - Standard MongoDB indexes creation completed
2025-06-02 13:43:43 - main_functions - INFO - Creating skills collection indexes...
2025-06-02 13:43:43 - main_functions - INFO - Skills collection indexes creation completed
2025-06-02 13:43:43 - main_functions - INFO - Application startup completed successfully!
2025-06-02 13:53:46 - main_functions - INFO - Shutting down FastAPI application...
2025-06-02 13:55:35 - main_functions - INFO - Starting up FastAPI application...
2025-06-02 13:55:37 - main_functions - INFO - Search index manager initialized successfully
2025-06-02 13:55:38 - main_functions - INFO - Connected to MongoDB successfully!
2025-06-02 13:55:39 - main_functions - INFO - Connected to Skills & Titles collection successfully!
2025-06-02 13:55:39 - main_functions - INFO - Creating standard MongoDB indexes...
2025-06-02 13:55:39 - main_functions - INFO - Standard MongoDB indexes creation completed
2025-06-02 13:55:39 - main_functions - INFO - Creating skills collection indexes...
2025-06-02 13:55:39 - main_functions - INFO - Skills collection indexes creation completed
2025-06-02 13:55:39 - main_functions - INFO - Application startup completed successfully!
2025-06-02 13:59:21 - main_functions - INFO - Shutting down FastAPI application...
2025-06-02 14:00:07 - main_functions - INFO - Starting up FastAPI application...
2025-06-02 14:00:11 - main_functions - INFO - Search index manager initialized successfully
2025-06-02 14:00:11 - main_functions - INFO - Connected to MongoDB successfully!
2025-06-02 14:00:12 - main_functions - INFO - Connected to Skills & Titles collection successfully!
2025-06-02 14:00:12 - main_functions - INFO - Creating standard MongoDB indexes...
2025-06-02 14:00:12 - main_functions - INFO - Standard MongoDB indexes creation completed
2025-06-02 14:00:12 - main_functions - INFO - Creating skills collection indexes...
2025-06-02 14:00:12 - main_functions - INFO - Skills collection indexes creation completed
2025-06-02 14:00:12 - main_functions - INFO - Application startup completed successfully!
2025-06-02 14:01:25 - main_functions - INFO - Starting up FastAPI application...
2025-06-02 14:01:27 - main_functions - INFO - Search index manager initialized successfully
2025-06-02 14:01:28 - main_functions - INFO - Connected to MongoDB successfully!
2025-06-02 14:01:28 - main_functions - INFO - Connected to Skills & Titles collection successfully!
2025-06-02 14:01:28 - main_functions - INFO - Creating standard MongoDB indexes...
2025-06-02 14:01:28 - main_functions - INFO - Standard MongoDB indexes creation completed
2025-06-02 14:01:28 - main_functions - INFO - Creating skills collection indexes...
2025-06-02 14:01:28 - main_functions - INFO - Skills collection indexes creation completed
2025-06-02 14:01:28 - main_functions - INFO - Application startup completed successfully!
2025-06-02 14:02:47 - main_functions - INFO - Shutting down FastAPI application...
2025-06-02 14:03:15 - main_functions - INFO - Starting up FastAPI application...
2025-06-02 14:03:17 - main_functions - INFO - Search index manager initialized successfully
2025-06-02 14:03:18 - main_functions - INFO - Connected to MongoDB successfully!
2025-06-02 14:03:18 - main_functions - INFO - Connected to Skills & Titles collection successfully!
2025-06-02 14:03:18 - main_functions - INFO - Creating standard MongoDB indexes...
2025-06-02 14:03:18 - main_functions - INFO - Standard MongoDB indexes creation completed
2025-06-02 14:03:18 - main_functions - INFO - Creating skills collection indexes...
2025-06-02 14:03:18 - main_functions - INFO - Skills collection indexes creation completed
2025-06-02 14:03:18 - main_functions - INFO - Application startup completed successfully!
2025-06-02 14:12:49 - main_functions - INFO - Shutting down FastAPI application...
2025-06-02 14:13:21 - main_functions - INFO - Starting up FastAPI application...
2025-06-02 14:13:23 - main_functions - INFO - Search index manager initialized successfully
2025-06-02 14:13:24 - main_functions - INFO - Connected to MongoDB successfully!
2025-06-02 14:13:24 - main_functions - INFO - Connected to Skills & Titles collection successfully!
2025-06-02 14:13:24 - main_functions - INFO - Creating standard MongoDB indexes...
2025-06-02 14:13:24 - main_functions - INFO - Standard MongoDB indexes creation completed
2025-06-02 14:13:24 - main_functions - INFO - Creating skills collection indexes...
2025-06-02 14:13:24 - main_functions - INFO - Skills collection indexes creation completed
2025-06-02 14:13:24 - main_functions - INFO - Application startup completed successfully!
2025-06-02 15:05:41 - main_functions - INFO - Shutting down FastAPI application...
2025-06-02 15:15:27 - main_functions - INFO - Starting up FastAPI application...
2025-06-02 15:15:30 - main_functions - INFO - Search index manager initialized successfully
2025-06-02 15:15:31 - main_functions - INFO - Connected to MongoDB successfully!
2025-06-02 15:15:31 - main_functions - INFO - Connected to Skills & Titles collection successfully!
2025-06-02 15:15:31 - main_functions - INFO - Creating standard MongoDB indexes...
2025-06-02 15:15:31 - main_functions - INFO - Standard MongoDB indexes creation completed
2025-06-02 15:15:31 - main_functions - INFO - Creating skills collection indexes...
2025-06-02 15:15:31 - main_functions - INFO - Skills collection indexes creation completed
2025-06-02 15:15:31 - main_functions - INFO - Application startup completed successfully!
2025-06-02 15:52:53 - main_functions - INFO - Shutting down FastAPI application...
2025-06-03 13:42:31 - main_functions - INFO - Starting up FastAPI application...
2025-06-03 13:42:33 - main_functions - INFO - Search index manager initialized successfully
2025-06-03 13:42:33 - main_functions - INFO - Connected to MongoDB successfully!
2025-06-03 13:42:34 - main_functions - INFO - Connected to Skills & Titles collection successfully!
2025-06-03 13:42:34 - main_functions - INFO - Creating standard MongoDB indexes...
2025-06-03 13:42:34 - main_functions - INFO - Standard MongoDB indexes creation completed
2025-06-03 13:42:34 - main_functions - INFO - Creating skills collection indexes...
2025-06-03 13:42:34 - main_functions - INFO - Skills collection indexes creation completed
2025-06-03 13:42:34 - main_functions - INFO - Application startup completed successfully!
2025-06-03 14:04:16 - main_functions - INFO - Shutting down FastAPI application...
2025-06-03 14:08:18 - main_functions - INFO - Starting up FastAPI application...
2025-06-03 14:08:20 - main_functions - INFO - Search index manager initialized successfully
2025-06-03 14:08:21 - main_functions - INFO - Connected to MongoDB successfully!
2025-06-03 14:08:21 - main_functions - INFO - Connected to Skills & Titles collection successfully!
2025-06-03 14:08:21 - main_functions - INFO - Creating standard MongoDB indexes...
2025-06-03 14:08:21 - main_functions - INFO - Standard MongoDB indexes creation completed
2025-06-03 14:08:21 - main_functions - INFO - Creating skills collection indexes...
2025-06-03 14:08:21 - main_functions - INFO - Skills collection indexes creation completed
2025-06-03 14:08:21 - main_functions - INFO - Application startup completed successfully!
2025-06-03 14:21:03 - main_functions - INFO - Shutting down FastAPI application...
2025-06-03 14:21:35 - main_functions - INFO - Starting up FastAPI application...
2025-06-03 14:21:37 - main_functions - INFO - Search index manager initialized successfully
2025-06-03 14:21:38 - main_functions - INFO - Connected to MongoDB successfully!
2025-06-03 14:21:38 - main_functions - INFO - Connected to Skills & Titles collection successfully!
2025-06-03 14:21:38 - main_functions - INFO - Creating standard MongoDB indexes...
2025-06-03 14:21:38 - main_functions - INFO - Standard MongoDB indexes creation completed
2025-06-03 14:21:38 - main_functions - INFO - Creating skills collection indexes...
2025-06-03 14:21:38 - main_functions - INFO - Skills collection indexes creation completed
2025-06-03 14:21:38 - main_functions - INFO - Application startup completed successfully!
2025-06-03 14:26:07 - main_functions - INFO - Shutting down FastAPI application...
2025-06-03 14:26:38 - main_functions - INFO - Starting up FastAPI application...
2025-06-03 14:26:41 - main_functions - INFO - Search index manager initialized successfully
2025-06-03 14:26:42 - main_functions - INFO - Connected to MongoDB successfully!
2025-06-03 14:26:42 - main_functions - INFO - Connected to Skills & Titles collection successfully!
2025-06-03 14:26:42 - main_functions - INFO - Creating standard MongoDB indexes...
2025-06-03 14:26:42 - main_functions - INFO - Standard MongoDB indexes creation completed
2025-06-03 14:26:42 - main_functions - INFO - Creating skills collection indexes...
2025-06-03 14:26:42 - main_functions - INFO - Skills collection indexes creation completed
2025-06-03 14:26:42 - main_functions - INFO - Application startup completed successfully!
2025-06-03 14:28:00 - main_functions - INFO - Shutting down FastAPI application...
2025-06-03 14:28:53 - main_functions - INFO - Starting up FastAPI application...
2025-06-03 14:28:55 - main_functions - INFO - Search index manager initialized successfully
2025-06-03 14:28:56 - main_functions - INFO - Connected to MongoDB successfully!
2025-06-03 14:28:56 - main_functions - INFO - Connected to Skills & Titles collection successfully!
2025-06-03 14:28:56 - main_functions - INFO - Creating standard MongoDB indexes...
2025-06-03 14:28:56 - main_functions - INFO - Standard MongoDB indexes creation completed
2025-06-03 14:28:56 - main_functions - INFO - Creating skills collection indexes...
2025-06-03 14:28:56 - main_functions - INFO - Skills collection indexes creation completed
2025-06-03 14:28:56 - main_functions - INFO - Application startup completed successfully!
2025-06-03 14:32:49 - main_functions - INFO - Shutting down FastAPI application...
2025-06-03 14:33:32 - main_functions - INFO - Starting up FastAPI application...
2025-06-03 14:33:35 - main_functions - INFO - Search index manager initialized successfully
2025-06-03 14:33:36 - main_functions - INFO - Connected to MongoDB successfully!
2025-06-03 14:33:36 - main_functions - INFO - Connected to Skills & Titles collection successfully!
2025-06-03 14:33:36 - main_functions - INFO - Creating standard MongoDB indexes...
2025-06-03 14:33:36 - main_functions - INFO - Standard MongoDB indexes creation completed
2025-06-03 14:33:36 - main_functions - INFO - Creating skills collection indexes...
2025-06-03 14:33:36 - main_functions - INFO - Skills collection indexes creation completed
2025-06-03 14:33:36 - main_functions - INFO - Application startup completed successfully!
2025-06-03 15:08:39 - main_functions - INFO - Starting up FastAPI application...
2025-06-03 15:08:41 - main_functions - INFO - Search index manager initialized successfully
2025-06-03 15:08:42 - main_functions - INFO - Connected to MongoDB successfully!
2025-06-03 15:08:43 - main_functions - INFO - Connected to Skills & Titles collection successfully!
2025-06-03 15:08:43 - main_functions - INFO - Creating standard MongoDB indexes...
2025-06-03 15:08:43 - main_functions - INFO - Standard MongoDB indexes creation completed
2025-06-03 15:08:43 - main_functions - INFO - Creating skills collection indexes...
2025-06-03 15:08:43 - main_functions - INFO - Skills collection indexes creation completed
2025-06-03 15:08:43 - main_functions - INFO - Application startup completed successfully!
2025-06-03 15:09:11 - main_functions - INFO - Starting up FastAPI application...
2025-06-03 15:09:13 - main_functions - INFO - Search index manager initialized successfully
2025-06-03 15:09:14 - main_functions - INFO - Connected to MongoDB successfully!
2025-06-03 15:09:14 - main_functions - INFO - Connected to Skills & Titles collection successfully!
2025-06-03 15:09:14 - main_functions - INFO - Creating standard MongoDB indexes...
2025-06-03 15:09:14 - main_functions - INFO - Standard MongoDB indexes creation completed
2025-06-03 15:09:14 - main_functions - INFO - Creating skills collection indexes...
2025-06-03 15:09:14 - main_functions - INFO - Skills collection indexes creation completed
2025-06-03 15:09:14 - main_functions - INFO - Application startup completed successfully!
2025-06-03 15:12:47 - main_functions - INFO - Shutting down FastAPI application...
2025-06-03 15:25:04 - main_functions - INFO - Starting up FastAPI application...
2025-06-03 15:25:07 - main_functions - INFO - Search index manager initialized successfully
2025-06-03 15:25:07 - main_functions - INFO - Connected to MongoDB successfully!
2025-06-03 15:25:08 - main_functions - INFO - Connected to Skills & Titles collection successfully!
2025-06-03 15:25:08 - main_functions - INFO - Creating standard MongoDB indexes...
2025-06-03 15:25:08 - main_functions - INFO - Standard MongoDB indexes creation completed
2025-06-03 15:25:08 - main_functions - INFO - Creating skills collection indexes...
2025-06-03 15:25:08 - main_functions - INFO - Skills collection indexes creation completed
2025-06-03 15:25:08 - main_functions - INFO - Application startup completed successfully!
2025-06-03 15:26:28 - main_functions - INFO - Shutting down FastAPI application...
2025-06-03 15:47:16 - main_functions - INFO - Starting up FastAPI application...
2025-06-03 15:47:18 - main_functions - INFO - Search index manager initialized successfully
2025-06-03 15:47:19 - main_functions - INFO - Connected to MongoDB successfully!
2025-06-03 15:47:19 - main_functions - INFO - Connected to Skills & Titles collection successfully!
2025-06-03 15:47:19 - main_functions - INFO - Creating standard MongoDB indexes...
2025-06-03 15:47:19 - main_functions - INFO - Standard MongoDB indexes creation completed
2025-06-03 15:47:19 - main_functions - INFO - Creating skills collection indexes...
2025-06-03 15:47:19 - main_functions - INFO - Skills collection indexes creation completed
2025-06-03 15:47:19 - main_functions - INFO - Application startup completed successfully!
2025-06-03 15:50:04 - main_functions - INFO - Shutting down FastAPI application...
2025-06-03 15:50:47 - main_functions - INFO - Starting up FastAPI application...
2025-06-03 15:50:49 - main_functions - INFO - Search index manager initialized successfully
2025-06-03 15:50:50 - main_functions - INFO - Connected to MongoDB successfully!
2025-06-03 15:50:50 - main_functions - INFO - Connected to Skills & Titles collection successfully!
2025-06-03 15:50:50 - main_functions - INFO - Creating standard MongoDB indexes...
2025-06-03 15:50:50 - main_functions - INFO - Standard MongoDB indexes creation completed
2025-06-03 15:50:50 - main_functions - INFO - Creating skills collection indexes...
2025-06-03 15:50:50 - main_functions - INFO - Skills collection indexes creation completed
2025-06-03 15:50:50 - main_functions - INFO - Application startup completed successfully!
2025-06-03 15:55:08 - main_functions - INFO - Shutting down FastAPI application...
2025-06-03 15:56:37 - main_functions - INFO - Starting up FastAPI application...
2025-06-03 15:56:39 - main_functions - INFO - Search index manager initialized successfully
2025-06-03 15:56:40 - main_functions - INFO - Connected to MongoDB successfully!
2025-06-03 15:56:40 - main_functions - INFO - Connected to Skills & Titles collection successfully!
2025-06-03 15:56:41 - main_functions - INFO - Creating standard MongoDB indexes...
2025-06-03 15:56:41 - main_functions - INFO - Standard MongoDB indexes creation completed
2025-06-03 15:56:41 - main_functions - INFO - Creating skills collection indexes...
2025-06-03 15:56:41 - main_functions - INFO - Skills collection indexes creation completed
2025-06-03 15:56:41 - main_functions - INFO - Application startup completed successfully!
2025-06-03 15:58:00 - main_functions - INFO - Shutting down FastAPI application...
2025-06-03 15:59:23 - main_functions - INFO - Starting up FastAPI application...
2025-06-03 15:59:26 - main_functions - INFO - Search index manager initialized successfully
2025-06-03 15:59:26 - main_functions - INFO - Connected to MongoDB successfully!
2025-06-03 15:59:27 - main_functions - INFO - Connected to Skills & Titles collection successfully!
2025-06-03 15:59:27 - main_functions - INFO - Creating standard MongoDB indexes...
2025-06-03 15:59:27 - main_functions - INFO - Standard MongoDB indexes creation completed
2025-06-03 15:59:27 - main_functions - INFO - Creating skills collection indexes...
2025-06-03 15:59:27 - main_functions - INFO - Skills collection indexes creation completed
2025-06-03 15:59:27 - main_functions - INFO - Application startup completed successfully!
2025-06-03 16:02:10 - main_functions - INFO - Shutting down FastAPI application...
2025-06-03 16:02:51 - main_functions - INFO - Starting up FastAPI application...
2025-06-03 16:02:54 - main_functions - INFO - Search index manager initialized successfully
2025-06-03 16:02:55 - main_functions - INFO - Connected to MongoDB successfully!
2025-06-03 16:02:55 - main_functions - INFO - Connected to Skills & Titles collection successfully!
2025-06-03 16:02:55 - main_functions - INFO - Creating standard MongoDB indexes...
2025-06-03 16:02:55 - main_functions - INFO - Standard MongoDB indexes creation completed
2025-06-03 16:02:55 - main_functions - INFO - Creating skills collection indexes...
2025-06-03 16:02:55 - main_functions - INFO - Skills collection indexes creation completed
2025-06-03 16:02:55 - main_functions - INFO - Application startup completed successfully!
2025-06-03 16:07:14 - main_functions - INFO - Shutting down FastAPI application...
2025-06-03 16:07:56 - main_functions - INFO - Starting up FastAPI application...
2025-06-03 16:07:59 - main_functions - INFO - Search index manager initialized successfully
2025-06-03 16:08:00 - main_functions - INFO - Connected to MongoDB successfully!
2025-06-03 16:08:01 - main_functions - INFO - Connected to Skills & Titles collection successfully!
2025-06-03 16:08:01 - main_functions - INFO - Creating standard MongoDB indexes...
2025-06-03 16:08:01 - main_functions - INFO - Standard MongoDB indexes creation completed
2025-06-03 16:08:01 - main_functions - INFO - Creating skills collection indexes...
2025-06-03 16:08:01 - main_functions - INFO - Skills collection indexes creation completed
2025-06-03 16:08:01 - main_functions - INFO - Application startup completed successfully!
2025-06-03 16:09:14 - main_functions - INFO - Shutting down FastAPI application...
2025-06-03 16:35:09 - main_functions - INFO - Starting up FastAPI application...
2025-06-03 16:35:12 - main_functions - INFO - Search index manager initialized successfully
2025-06-03 16:35:13 - main_functions - INFO - Connected to MongoDB successfully!
2025-06-03 16:35:13 - main_functions - INFO - Connected to Skills & Titles collection successfully!
2025-06-03 16:35:13 - main_functions - INFO - Creating standard MongoDB indexes...
2025-06-03 16:35:13 - main_functions - INFO - Standard MongoDB indexes creation completed
2025-06-03 16:35:13 - main_functions - INFO - Creating skills collection indexes...
2025-06-03 16:35:13 - main_functions - INFO - Skills collection indexes creation completed
2025-06-03 16:35:13 - main_functions - INFO - Application startup completed successfully!
2025-06-03 16:42:29 - main_functions - INFO - Starting up FastAPI application...
2025-06-03 16:42:31 - main_functions - INFO - Search index manager initialized successfully
2025-06-03 16:42:32 - main_functions - INFO - Connected to MongoDB successfully!
2025-06-03 16:42:32 - main_functions - INFO - Connected to Skills & Titles collection successfully!
2025-06-03 16:42:33 - main_functions - INFO - Creating standard MongoDB indexes...
2025-06-03 16:42:33 - main_functions - INFO - Standard MongoDB indexes creation completed
2025-06-03 16:42:33 - main_functions - INFO - Creating skills collection indexes...
2025-06-03 16:42:33 - main_functions - INFO - Skills collection indexes creation completed
2025-06-03 16:42:33 - main_functions - INFO - Application startup completed successfully!
2025-06-03 16:42:33 - main_functions - INFO - Shutting down FastAPI application...
2025-06-03 16:45:40 - main_functions - INFO - Shutting down FastAPI application...
2025-06-03 16:52:00 - main_functions - INFO - Starting up FastAPI application...
2025-06-03 16:52:03 - main_functions - INFO - Search index manager initialized successfully
2025-06-03 16:52:03 - main_functions - INFO - Connected to MongoDB successfully!
2025-06-03 16:52:04 - main_functions - INFO - Connected to Skills & Titles collection successfully!
2025-06-03 16:52:04 - main_functions - INFO - Creating standard MongoDB indexes...
2025-06-03 16:52:04 - main_functions - INFO - Standard MongoDB indexes creation completed
2025-06-03 16:52:04 - main_functions - INFO - Creating skills collection indexes...
2025-06-03 16:52:04 - main_functions - INFO - Skills collection indexes creation completed
2025-06-03 16:52:04 - main_functions - INFO - Application startup completed successfully!
2025-06-03 17:00:25 - main_functions - INFO - Starting up FastAPI application...
2025-06-03 17:00:27 - main_functions - INFO - Search index manager initialized successfully
2025-06-03 17:00:28 - main_functions - INFO - Connected to MongoDB successfully!
2025-06-03 17:00:29 - main_functions - INFO - Connected to Skills & Titles collection successfully!
2025-06-03 17:00:29 - main_functions - INFO - Creating standard MongoDB indexes...
2025-06-03 17:00:29 - main_functions - INFO - Standard MongoDB indexes creation completed
2025-06-03 17:00:29 - main_functions - INFO - Creating skills collection indexes...
2025-06-03 17:00:29 - main_functions - INFO - Skills collection indexes creation completed
2025-06-03 17:00:29 - main_functions - INFO - Application startup completed successfully!
2025-06-03 17:05:13 - main_functions - INFO - Starting up FastAPI application...
2025-06-03 17:05:16 - main_functions - INFO - Search index manager initialized successfully
2025-06-03 17:05:17 - main_functions - INFO - Connected to MongoDB successfully!
2025-06-03 17:05:17 - main_functions - INFO - Connected to Skills & Titles collection successfully!
2025-06-03 17:05:17 - main_functions - INFO - Creating standard MongoDB indexes...
2025-06-03 17:05:17 - main_functions - INFO - Standard MongoDB indexes creation completed
2025-06-03 17:05:17 - main_functions - INFO - Creating skills collection indexes...
2025-06-03 17:05:17 - main_functions - INFO - Skills collection indexes creation completed
2025-06-03 17:05:17 - main_functions - INFO - Application startup completed successfully!
2025-06-03 17:09:21 - main_functions - INFO - Starting up FastAPI application...
2025-06-03 17:09:23 - main_functions - INFO - Search index manager initialized successfully
2025-06-03 17:09:24 - main_functions - INFO - Connected to MongoDB successfully!
2025-06-03 17:09:24 - main_functions - INFO - Connected to Skills & Titles collection successfully!
2025-06-03 17:09:25 - main_functions - INFO - Creating standard MongoDB indexes...
2025-06-03 17:09:25 - main_functions - INFO - Standard MongoDB indexes creation completed
2025-06-03 17:09:25 - main_functions - INFO - Creating skills collection indexes...
2025-06-03 17:09:25 - main_functions - INFO - Skills collection indexes creation completed
2025-06-03 17:09:25 - main_functions - INFO - Application startup completed successfully!
2025-06-03 17:20:51 - main_functions - INFO - Starting up FastAPI application...
2025-06-03 17:20:54 - main_functions - INFO - Search index manager initialized successfully
2025-06-03 17:20:55 - main_functions - INFO - Connected to MongoDB successfully!
2025-06-03 17:20:55 - main_functions - INFO - Connected to Skills & Titles collection successfully!
2025-06-03 17:20:55 - main_functions - INFO - Creating standard MongoDB indexes...
2025-06-03 17:20:55 - main_functions - INFO - Standard MongoDB indexes creation completed
2025-06-03 17:20:55 - main_functions - INFO - Creating skills collection indexes...
2025-06-03 17:20:55 - main_functions - INFO - Skills collection indexes creation completed
2025-06-03 17:20:55 - main_functions - INFO - Application startup completed successfully!
2025-06-03 17:26:12 - main_functions - INFO - Starting up FastAPI application...
2025-06-03 17:26:14 - main_functions - INFO - Search index manager initialized successfully
2025-06-03 17:26:15 - main_functions - INFO - Connected to MongoDB successfully!
2025-06-03 17:26:15 - main_functions - INFO - Connected to Skills & Titles collection successfully!
2025-06-03 17:26:16 - main_functions - INFO - Creating standard MongoDB indexes...
2025-06-03 17:26:16 - main_functions - INFO - Standard MongoDB indexes creation completed
2025-06-03 17:26:16 - main_functions - INFO - Creating skills collection indexes...
2025-06-03 17:26:16 - main_functions - INFO - Skills collection indexes creation completed
2025-06-03 17:26:16 - main_functions - INFO - Application startup completed successfully!
2025-06-03 17:30:12 - main_functions - INFO - Shutting down FastAPI application...
