2025-07-19 22:04:00 - main - INFO - Starting application initialization...
2025-07-19 22:04:00 - main - INFO - Using 'balanced' deployment configuration
2025-07-19 22:04:00 - main - INFO - Models to ensure: ['BAAI/bge-large-en-v1.5', 'BAAI/bge-large-zh-v1.5', 'thenlper/gte-large']
2025-07-19 22:04:00 - main - INFO - All critical embedding models are ready!
2025-07-19 22:04:03 - main - INFO - Application startup completed successfully!
2025-07-19 22:05:16 - main - INFO - Starting application initialization...
2025-07-19 22:05:16 - main - INFO - Using 'balanced' deployment configuration
2025-07-19 22:05:16 - main - INFO - Models to ensure: ['BAAI/bge-large-en-v1.5', 'BAAI/bge-large-zh-v1.5', 'thenlper/gte-large']
2025-07-19 22:05:16 - main - INFO - All critical embedding models are ready!
2025-07-19 22:05:19 - main - INFO - Application startup completed successfully!
2025-07-19 22:08:03 - main - INFO - Starting application initialization...
2025-07-19 22:08:03 - main - INFO - Using 'balanced' deployment configuration
2025-07-19 22:08:03 - main - INFO - Models to ensure: ['BAAI/bge-large-en-v1.5', 'BAAI/bge-large-zh-v1.5', 'thenlper/gte-large']
2025-07-19 22:08:03 - main - INFO - All critical embedding models are ready!
2025-07-19 22:08:06 - main - INFO - Application startup completed successfully!
2025-07-19 22:10:21 - main - INFO - Starting application initialization...
2025-07-19 22:10:21 - main - INFO - Using 'balanced' deployment configuration
2025-07-19 22:10:21 - main - INFO - Models to ensure: ['BAAI/bge-large-en-v1.5', 'BAAI/bge-large-zh-v1.5', 'thenlper/gte-large']
2025-07-19 22:10:21 - main - INFO - All critical embedding models are ready!
2025-07-19 22:10:24 - main - INFO - Application startup completed successfully!
2025-07-19 22:13:08 - main - INFO - Starting application initialization...
2025-07-19 22:13:08 - main - INFO - Using 'balanced' deployment configuration
2025-07-19 22:13:08 - main - INFO - Models to ensure: ['BAAI/bge-large-en-v1.5', 'BAAI/bge-large-zh-v1.5', 'thenlper/gte-large']
2025-07-19 22:13:08 - main - INFO - All critical embedding models are ready!
2025-07-19 22:13:15 - main - INFO - Application startup completed successfully!
2025-07-19 22:13:30 - main - INFO - Starting application initialization...
2025-07-19 22:13:30 - main - INFO - Using 'balanced' deployment configuration
2025-07-19 22:13:30 - main - INFO - Models to ensure: ['BAAI/bge-large-en-v1.5', 'BAAI/bge-large-zh-v1.5', 'thenlper/gte-large']
2025-07-19 22:13:30 - main - INFO - All critical embedding models are ready!
2025-07-19 22:13:32 - main - INFO - Application startup completed successfully!
2025-07-19 22:14:30 - main - INFO - Starting application initialization...
2025-07-19 22:14:30 - main - INFO - Using 'balanced' deployment configuration
2025-07-19 22:14:30 - main - INFO - Models to ensure: ['BAAI/bge-large-en-v1.5', 'BAAI/bge-large-zh-v1.5', 'thenlper/gte-large']
2025-07-19 22:14:30 - main - INFO - All critical embedding models are ready!
2025-07-19 22:14:33 - main - INFO - Application startup completed successfully!
