2025-07-01 20:58:32 - search_index_manager - INFO - Search index 'vector_search_index' already exists
2025-07-01 20:58:32 - search_index_manager - INFO - Search index already exists, skipping creation
2025-07-01 21:02:58 - search_index_manager - INFO - Search index 'vector_search_index' already exists
2025-07-01 21:02:58 - search_index_manager - INFO - Search index already exists, skipping creation
2025-07-01 21:03:59 - search_index_manager - INFO - Search index 'vector_search_index' already exists
2025-07-01 21:03:59 - search_index_manager - INFO - Search index already exists, skipping creation
2025-07-01 21:06:32 - search_index_manager - INFO - Search index 'vector_search_index' already exists
2025-07-01 21:06:32 - search_index_manager - INFO - Search index already exists, skipping creation
2025-07-01 21:15:06 - search_index_manager - INFO - Search index 'vector_search_index' already exists
2025-07-01 21:15:06 - search_index_manager - INFO - Search index already exists, skipping creation
2025-07-01 21:22:34 - search_index_manager - INFO - Search index 'vector_search_index' already exists
2025-07-01 21:22:34 - search_index_manager - INFO - Search index already exists, skipping creation
2025-07-01 21:34:20 - search_index_manager - INFO - Search index 'vector_search_index' already exists
2025-07-01 21:34:20 - search_index_manager - INFO - Search index already exists, skipping creation
2025-07-01 21:43:37 - search_index_manager - INFO - Search index 'vector_search_index' already exists
2025-07-01 21:43:37 - search_index_manager - INFO - Search index already exists, skipping creation
2025-07-01 21:46:49 - search_index_manager - INFO - Search index 'vector_search_index' already exists
2025-07-01 21:46:49 - search_index_manager - INFO - Search index already exists, skipping creation
2025-07-01 21:48:12 - search_index_manager - INFO - Search index 'vector_search_index' already exists
2025-07-01 21:48:12 - search_index_manager - INFO - Search index already exists, skipping creation
2025-07-01 21:54:11 - search_index_manager - INFO - Search index 'vector_search_index' already exists
2025-07-01 21:54:11 - search_index_manager - INFO - Search index already exists, skipping creation
2025-07-01 21:54:38 - search_index_manager - INFO - Search index 'vector_search_index' already exists
2025-07-01 21:54:38 - search_index_manager - INFO - Search index already exists, skipping creation
2025-07-01 22:00:18 - search_index_manager - INFO - Search index 'vector_search_index' already exists
2025-07-01 22:00:18 - search_index_manager - INFO - Search index already exists, skipping creation
2025-07-01 22:01:12 - search_index_manager - INFO - Search index 'vector_search_index' already exists
2025-07-01 22:01:12 - search_index_manager - INFO - Search index already exists, skipping creation
2025-07-01 22:03:27 - search_index_manager - INFO - Search index 'vector_search_index' already exists
2025-07-01 22:03:27 - search_index_manager - INFO - Search index already exists, skipping creation
2025-07-01 22:03:27 - search_index_manager - INFO - Search index 'vector_search_index' already exists
2025-07-01 22:03:27 - search_index_manager - INFO - Search index already exists, skipping creation
2025-07-01 22:10:00 - search_index_manager - INFO - Search index 'vector_search_index' already exists
2025-07-01 22:10:00 - search_index_manager - INFO - Search index already exists, skipping creation
2025-07-01 22:10:00 - search_index_manager - INFO - Search index 'vector_search_index' already exists
2025-07-01 22:10:00 - search_index_manager - INFO - Search index already exists, skipping creation
2025-07-01 22:15:20 - search_index_manager - INFO - Search index 'vector_search_index' already exists
2025-07-01 22:15:20 - search_index_manager - INFO - Search index already exists, skipping creation
2025-07-01 22:15:21 - search_index_manager - INFO - Search index 'vector_search_index' already exists
2025-07-01 22:15:21 - search_index_manager - INFO - Search index already exists, skipping creation
2025-07-01 22:18:08 - search_index_manager - INFO - Search index 'vector_search_index' already exists
2025-07-01 22:18:08 - search_index_manager - INFO - Search index already exists, skipping creation
2025-07-01 22:20:15 - search_index_manager - INFO - Search index 'vector_search_index' already exists
2025-07-01 22:20:15 - search_index_manager - INFO - Search index already exists, skipping creation
2025-07-01 22:20:54 - search_index_manager - INFO - Search index 'vector_search_index' already exists
2025-07-01 22:20:54 - search_index_manager - INFO - Search index already exists, skipping creation
2025-07-01 22:21:06 - search_index_manager - INFO - Search index 'vector_search_index' already exists
2025-07-01 22:21:06 - search_index_manager - INFO - Search index already exists, skipping creation
2025-07-01 22:22:40 - search_index_manager - INFO - Search index 'vector_search_index' already exists
2025-07-01 22:22:40 - search_index_manager - INFO - Search index already exists, skipping creation
2025-07-01 22:22:40 - search_index_manager - INFO - Search index 'vector_search_index' already exists
2025-07-01 22:22:40 - search_index_manager - INFO - Search index already exists, skipping creation
2025-07-01 22:25:56 - search_index_manager - INFO - Search index 'vector_search_index' already exists
2025-07-01 22:25:56 - search_index_manager - INFO - Search index already exists, skipping creation
2025-07-01 22:26:08 - search_index_manager - INFO - Search index 'vector_search_index' already exists
2025-07-01 22:26:08 - search_index_manager - INFO - Search index already exists, skipping creation
2025-07-01 22:26:30 - search_index_manager - INFO - Search index 'vector_search_index' already exists
2025-07-01 22:26:30 - search_index_manager - INFO - Search index already exists, skipping creation
2025-07-01 22:27:33 - search_index_manager - INFO - Search index 'vector_search_index' already exists
2025-07-01 22:27:33 - search_index_manager - INFO - Search index already exists, skipping creation
2025-07-01 22:27:34 - search_index_manager - INFO - Search index 'vector_search_index' already exists
2025-07-01 22:27:34 - search_index_manager - INFO - Search index already exists, skipping creation
2025-07-01 22:33:21 - search_index_manager - INFO - Search index 'vector_search_index' already exists
2025-07-01 22:33:21 - search_index_manager - INFO - Search index already exists, skipping creation
2025-07-01 22:33:59 - search_index_manager - INFO - Search index 'vector_search_index' already exists
2025-07-01 22:33:59 - search_index_manager - INFO - Search index already exists, skipping creation
2025-07-01 23:26:26 - search_index_manager - INFO - Search index 'vector_search_index' already exists
2025-07-01 23:26:26 - search_index_manager - INFO - Search index already exists, skipping creation
2025-07-01 23:38:58 - search_index_manager - INFO - Search index 'vector_search_index' already exists
2025-07-01 23:38:58 - search_index_manager - INFO - Search index already exists, skipping creation
2025-07-01 23:40:21 - search_index_manager - INFO - Search index 'vector_search_index' already exists
2025-07-01 23:40:21 - search_index_manager - INFO - Search index already exists, skipping creation
2025-07-01 23:50:01 - search_index_manager - INFO - Search index 'vector_search_index' already exists
2025-07-01 23:50:01 - search_index_manager - INFO - Search index already exists, skipping creation
2025-07-01 23:59:45 - search_index_manager - INFO - Search index 'vector_search_index' already exists
2025-07-01 23:59:45 - search_index_manager - INFO - Search index already exists, skipping creation
2025-07-02 00:01:31 - search_index_manager - INFO - Search index 'vector_search_index' already exists
2025-07-02 00:01:31 - search_index_manager - INFO - Search index already exists, skipping creation
2025-07-02 00:05:43 - search_index_manager - INFO - Search index 'vector_search_index' already exists
2025-07-02 00:05:43 - search_index_manager - INFO - Search index already exists, skipping creation
2025-07-02 00:07:17 - search_index_manager - INFO - Search index 'vector_search_index' already exists
2025-07-02 00:07:17 - search_index_manager - INFO - Search index already exists, skipping creation
2025-07-02 00:07:56 - search_index_manager - INFO - Search index 'vector_search_index' already exists
2025-07-02 00:07:56 - search_index_manager - INFO - Search index already exists, skipping creation
2025-07-02 00:08:20 - search_index_manager - INFO - Search index 'vector_search_index' already exists
2025-07-02 00:08:20 - search_index_manager - INFO - Search index already exists, skipping creation
2025-07-02 00:08:59 - search_index_manager - INFO - Search index 'vector_search_index' already exists
2025-07-02 00:08:59 - search_index_manager - INFO - Search index already exists, skipping creation
2025-07-02 00:19:12 - search_index_manager - INFO - Search index 'vector_search_index' already exists
2025-07-02 00:19:12 - search_index_manager - INFO - Search index already exists, skipping creation
2025-07-02 00:20:01 - search_index_manager - INFO - Search index 'vector_search_index' already exists
2025-07-02 00:20:01 - search_index_manager - INFO - Search index already exists, skipping creation
2025-07-02 23:03:07 - search_index_manager - INFO - Search index 'vector_search_index' already exists
2025-07-02 23:03:07 - search_index_manager - INFO - Search index already exists, skipping creation
2025-07-02 23:08:11 - search_index_manager - INFO - Search index 'vector_search_index' already exists
2025-07-02 23:08:11 - search_index_manager - INFO - Search index already exists, skipping creation
2025-07-02 23:10:13 - search_index_manager - INFO - Search index 'vector_search_index' already exists
2025-07-02 23:10:13 - search_index_manager - INFO - Search index already exists, skipping creation
2025-07-02 23:20:45 - search_index_manager - INFO - Search index 'vector_search_index' already exists
2025-07-02 23:20:45 - search_index_manager - INFO - Search index already exists, skipping creation
2025-07-02 23:22:14 - search_index_manager - INFO - Search index 'vector_search_index' already exists
2025-07-02 23:22:14 - search_index_manager - INFO - Search index already exists, skipping creation
2025-07-02 23:22:38 - search_index_manager - INFO - Search index 'vector_search_index' already exists
2025-07-02 23:22:38 - search_index_manager - INFO - Search index already exists, skipping creation
2025-07-02 23:39:32 - search_index_manager - INFO - Search index 'vector_search_index' already exists
2025-07-02 23:39:32 - search_index_manager - INFO - Search index already exists, skipping creation
2025-07-18 23:39:27 - search_index_manager - INFO - Search index created successfully: {'indexesCreated': [{'id': '687a8dd727d4f43c21b7222b', 'name': 'vector_search_index_1024'}], 'ok': 1.0, '$clusterTime': {'clusterTime': Timestamp(1752862166, 5), 'signature': {'hash': b'\xe2\x1a\xf98\xd5z\xdd\xad\x93;~\x03%\x01\xf3\xe3~\xef\x9b\t', 'keyId': 7485320233838706695}}, 'operationTime': Timestamp(1752862166, 5)}
2025-07-18 23:50:04 - search_index_manager - INFO - Search index 'vector_search_index' already exists
2025-07-18 23:50:04 - search_index_manager - INFO - Search index already exists, skipping creation
2025-07-18 23:55:15 - search_index_manager - INFO - Search index 'vector_search_index' already exists
2025-07-18 23:55:15 - search_index_manager - INFO - Search index already exists, skipping creation
2025-07-19 21:56:46 - search_index_manager - INFO - Created collection resumes in database resume_db
2025-07-19 21:56:47 - search_index_manager - INFO - Search index 'vector_search_index' does not exist
2025-07-19 21:56:47 - search_index_manager - INFO - Search index created successfully: {'indexesCreated': [{'id': '687bc7479fbb5561c684bb42', 'name': 'vector_search_index'}], 'ok': 1.0, '$clusterTime': {'clusterTime': Timestamp(1752942407, 12), 'signature': {'hash': b"\xeb\x1f.\x11P\x01\x14L'\xdbQ\x01B\x91\xf8\x82<\xea\x93X", 'keyId': 7463202114336980994}}, 'operationTime': Timestamp(1752942407, 12)}
2025-07-19 21:56:47 - search_index_manager - INFO - Search index created during initialization
2025-07-19 22:00:14 - search_index_manager - INFO - Search index 'vector_search_index' already exists
2025-07-19 22:00:14 - search_index_manager - INFO - Search index already exists, skipping creation
2025-07-19 22:04:01 - search_index_manager - INFO - Search index 'vector_search_index' already exists
2025-07-19 22:04:01 - search_index_manager - INFO - Search index already exists, skipping creation
2025-07-19 22:05:18 - search_index_manager - INFO - Search index 'vector_search_index' already exists
2025-07-19 22:05:18 - search_index_manager - INFO - Search index already exists, skipping creation
2025-07-19 22:08:05 - search_index_manager - INFO - Search index 'vector_search_index' already exists
2025-07-19 22:08:05 - search_index_manager - INFO - Search index already exists, skipping creation
2025-07-19 22:10:23 - search_index_manager - INFO - Search index 'vector_search_index' already exists
2025-07-19 22:10:23 - search_index_manager - INFO - Search index already exists, skipping creation
2025-07-19 22:13:09 - search_index_manager - INFO - Search index 'vector_search_index' already exists
2025-07-19 22:13:09 - search_index_manager - INFO - Search index already exists, skipping creation
2025-07-19 22:13:31 - search_index_manager - INFO - Search index 'vector_search_index' already exists
2025-07-19 22:13:31 - search_index_manager - INFO - Search index already exists, skipping creation
2025-07-19 22:14:31 - search_index_manager - INFO - Search index 'vector_search_index' already exists
2025-07-19 22:14:31 - search_index_manager - INFO - Search index already exists, skipping creation
